-- Found ament_cmake: 1.3.14 (/opt/ros/humble/share/ament_cmake/cmake)
-- Override CMake install command with custom implementation using symlinks instead of copying resources
-- Found rclpy: 3.3.21 (/opt/ros/humble/share/rclpy/cmake)
-- Configuring done
-- Generating done
-- Build files have been written to: /home/yash_2280/card_scanner_ws/build/card_scanner
-- Install configuration: ""
-- Execute custom install script
-- Symlinking: /home/yash_2280/card_scanner_ws/install/card_scanner/share/card_scanner/card_scanner/__init__.py
-- Symlinking: /home/yash_2280/card_scanner_ws/install/card_scanner/share/card_scanner/card_scanner/card_scanner_node.py
-- Symlinking: /home/yash_2280/card_scanner_ws/install/card_scanner/share/card_scanner/launch/card_scanner.launch.py
-- Symlinking: /home/yash_2280/card_scanner_ws/install/card_scanner/share/card_scanner/config/params.yaml
-- Symlinking: /home/yash_2280/card_scanner_ws/install/card_scanner/lib/card_scanner/card_scanner_node.py
-- Symlinking: /home/yash_2280/card_scanner_ws/install/card_scanner/share/ament_index/resource_index/package_run_dependencies/card_scanner
-- Symlinking: /home/yash_2280/card_scanner_ws/install/card_scanner/share/ament_index/resource_index/parent_prefix_path/card_scanner
-- Symlinking: /home/yash_2280/card_scanner_ws/install/card_scanner/share/card_scanner/environment/ament_prefix_path.sh
-- Symlinking: /home/yash_2280/card_scanner_ws/install/card_scanner/share/card_scanner/environment/ament_prefix_path.dsv
-- Symlinking: /home/yash_2280/card_scanner_ws/install/card_scanner/share/card_scanner/environment/path.sh
-- Symlinking: /home/yash_2280/card_scanner_ws/install/card_scanner/share/card_scanner/environment/path.dsv
-- Symlinking: /home/yash_2280/card_scanner_ws/install/card_scanner/share/card_scanner/local_setup.bash
-- Symlinking: /home/yash_2280/card_scanner_ws/install/card_scanner/share/card_scanner/local_setup.sh
-- Symlinking: /home/yash_2280/card_scanner_ws/install/card_scanner/share/card_scanner/local_setup.zsh
-- Symlinking: /home/yash_2280/card_scanner_ws/install/card_scanner/share/card_scanner/local_setup.dsv
-- Symlinking: /home/yash_2280/card_scanner_ws/install/card_scanner/share/card_scanner/package.dsv
-- Symlinking: /home/yash_2280/card_scanner_ws/install/card_scanner/share/ament_index/resource_index/packages/card_scanner
-- Symlinking: /home/yash_2280/card_scanner_ws/install/card_scanner/share/card_scanner/cmake/card_scannerConfig.cmake
-- Symlinking: /home/yash_2280/card_scanner_ws/install/card_scanner/share/card_scanner/cmake/card_scannerConfig-version.cmake
-- Symlinking: /home/yash_2280/card_scanner_ws/install/card_scanner/share/card_scanner/package.xml
