[0.031s] Invoking command in '/home/yash_2280/card_scanner_ws/build/card_scanner': CMAKE_PREFIX_PATH=${CMAKE_PREFIX_PATH}:/home/yash_2280/turtlebot3_ws/install/turtlebot3_teleop:/home/yash_2280/turtlebot3_ws/install/turtlebot3_example:/home/yash_2280/turtlebot3_ws/install/card_change_detector:/opt/ros/humble /usr/bin/cmake /home/yash_2280/card_scanner_ws/src/card_scanner -DAMENT_CMAKE_SYMLINK_INSTALL=1 -DCMAKE_INSTALL_PREFIX=/home/yash_2280/card_scanner_ws/install/card_scanner
[0.092s] -- Found ament_cmake: 1.3.14 (/opt/ros/humble/share/ament_cmake/cmake)
[0.216s] -- Override CMake install command with custom implementation using symlinks instead of copying resources
[0.234s] -- Found rclpy: 3.3.21 (/opt/ros/humble/share/rclpy/cmake)
[0.290s] -- Configuring done
[0.294s] -- Generating done
[0.295s] -- Build files have been written to: /home/yash_2280/card_scanner_ws/build/card_scanner
[0.298s] Invoked command in '/home/yash_2280/card_scanner_ws/build/card_scanner' returned '0': CMAKE_PREFIX_PATH=${CMAKE_PREFIX_PATH}:/home/yash_2280/turtlebot3_ws/install/turtlebot3_teleop:/home/yash_2280/turtlebot3_ws/install/turtlebot3_example:/home/yash_2280/turtlebot3_ws/install/card_change_detector:/opt/ros/humble /usr/bin/cmake /home/yash_2280/card_scanner_ws/src/card_scanner -DAMENT_CMAKE_SYMLINK_INSTALL=1 -DCMAKE_INSTALL_PREFIX=/home/yash_2280/card_scanner_ws/install/card_scanner
[0.299s] Invoking command in '/home/yash_2280/card_scanner_ws/build/card_scanner': CMAKE_PREFIX_PATH=${CMAKE_PREFIX_PATH}:/home/yash_2280/turtlebot3_ws/install/turtlebot3_teleop:/home/yash_2280/turtlebot3_ws/install/turtlebot3_example:/home/yash_2280/turtlebot3_ws/install/card_change_detector:/opt/ros/humble /usr/bin/cmake --build /home/yash_2280/card_scanner_ws/build/card_scanner -- -j4 -l4
[0.323s] Invoked command in '/home/yash_2280/card_scanner_ws/build/card_scanner' returned '0': CMAKE_PREFIX_PATH=${CMAKE_PREFIX_PATH}:/home/yash_2280/turtlebot3_ws/install/turtlebot3_teleop:/home/yash_2280/turtlebot3_ws/install/turtlebot3_example:/home/yash_2280/turtlebot3_ws/install/card_change_detector:/opt/ros/humble /usr/bin/cmake --build /home/yash_2280/card_scanner_ws/build/card_scanner -- -j4 -l4
[0.329s] Invoking command in '/home/yash_2280/card_scanner_ws/build/card_scanner': CMAKE_PREFIX_PATH=${CMAKE_PREFIX_PATH}:/home/yash_2280/turtlebot3_ws/install/turtlebot3_teleop:/home/yash_2280/turtlebot3_ws/install/turtlebot3_example:/home/yash_2280/turtlebot3_ws/install/card_change_detector:/opt/ros/humble /usr/bin/cmake --install /home/yash_2280/card_scanner_ws/build/card_scanner
[0.333s] -- Install configuration: ""
[0.334s] -- Execute custom install script
[0.334s] -- Symlinking: /home/yash_2280/card_scanner_ws/install/card_scanner/share/card_scanner/card_scanner/__init__.py
[0.339s] -- Symlinking: /home/yash_2280/card_scanner_ws/install/card_scanner/share/card_scanner/card_scanner/card_scanner_node.py
[0.345s] -- Symlinking: /home/yash_2280/card_scanner_ws/install/card_scanner/share/card_scanner/launch/card_scanner.launch.py
[0.350s] -- Symlinking: /home/yash_2280/card_scanner_ws/install/card_scanner/share/card_scanner/config/params.yaml
[0.355s] -- Symlinking: /home/yash_2280/card_scanner_ws/install/card_scanner/lib/card_scanner/card_scanner_node.py
[0.360s] -- Symlinking: /home/yash_2280/card_scanner_ws/install/card_scanner/share/ament_index/resource_index/package_run_dependencies/card_scanner
[0.365s] -- Symlinking: /home/yash_2280/card_scanner_ws/install/card_scanner/share/ament_index/resource_index/parent_prefix_path/card_scanner
[0.371s] -- Symlinking: /home/yash_2280/card_scanner_ws/install/card_scanner/share/card_scanner/environment/ament_prefix_path.sh
[0.376s] -- Symlinking: /home/yash_2280/card_scanner_ws/install/card_scanner/share/card_scanner/environment/ament_prefix_path.dsv
[0.381s] -- Symlinking: /home/yash_2280/card_scanner_ws/install/card_scanner/share/card_scanner/environment/path.sh
[0.386s] -- Symlinking: /home/yash_2280/card_scanner_ws/install/card_scanner/share/card_scanner/environment/path.dsv
[0.390s] -- Symlinking: /home/yash_2280/card_scanner_ws/install/card_scanner/share/card_scanner/local_setup.bash
[0.395s] -- Symlinking: /home/yash_2280/card_scanner_ws/install/card_scanner/share/card_scanner/local_setup.sh
[0.400s] -- Symlinking: /home/yash_2280/card_scanner_ws/install/card_scanner/share/card_scanner/local_setup.zsh
[0.404s] -- Symlinking: /home/yash_2280/card_scanner_ws/install/card_scanner/share/card_scanner/local_setup.dsv
[0.409s] -- Symlinking: /home/yash_2280/card_scanner_ws/install/card_scanner/share/card_scanner/package.dsv
[0.414s] -- Symlinking: /home/yash_2280/card_scanner_ws/install/card_scanner/share/ament_index/resource_index/packages/card_scanner
[0.418s] -- Symlinking: /home/yash_2280/card_scanner_ws/install/card_scanner/share/card_scanner/cmake/card_scannerConfig.cmake
[0.423s] -- Symlinking: /home/yash_2280/card_scanner_ws/install/card_scanner/share/card_scanner/cmake/card_scannerConfig-version.cmake
[0.428s] -- Symlinking: /home/yash_2280/card_scanner_ws/install/card_scanner/share/card_scanner/package.xml
[0.434s] Invoked command in '/home/yash_2280/card_scanner_ws/build/card_scanner' returned '0': CMAKE_PREFIX_PATH=${CMAKE_PREFIX_PATH}:/home/yash_2280/turtlebot3_ws/install/turtlebot3_teleop:/home/yash_2280/turtlebot3_ws/install/turtlebot3_example:/home/yash_2280/turtlebot3_ws/install/card_change_detector:/opt/ros/humble /usr/bin/cmake --install /home/yash_2280/card_scanner_ws/build/card_scanner
