[0.010s] Invoking command in '/home/yash_2280/card_scanner_ws/build/card_scanner': CMAKE_PREFIX_PATH=${CMAKE_PREFIX_PATH}:/home/yash_2280/turtlebot3_ws/install/card_change_detector:/opt/ros/humble /usr/bin/cmake /home/yash_2280/card_scanner_ws/src/card_scanner -DCMAKE_INSTALL_PREFIX=/home/yash_2280/card_scanner_ws/install/card_scanner
[0.043s] -- Found ament_cmake: 1.3.14 (/opt/ros/humble/share/ament_cmake/cmake)
[0.194s] -- Override CMake install command with custom implementation using symlinks instead of copying resources
[0.329s] -- Configuring done
[0.338s] -- Generating done
[0.341s] -- Build files have been written to: /home/yash_2280/card_scanner_ws/build/card_scanner
[0.353s] Invoked command in '/home/yash_2280/card_scanner_ws/build/card_scanner' returned '0': CMAKE_PREFIX_PATH=${CMAKE_PREFIX_PATH}:/home/yash_2280/turtlebot3_ws/install/card_change_detector:/opt/ros/humble /usr/bin/cmake /home/yash_2280/card_scanner_ws/src/card_scanner -DCMAKE_INSTALL_PREFIX=/home/yash_2280/card_scanner_ws/install/card_scanner
[0.353s] Invoking command in '/home/yash_2280/card_scanner_ws/build/card_scanner': CMAKE_PREFIX_PATH=${CMAKE_PREFIX_PATH}:/home/yash_2280/turtlebot3_ws/install/card_change_detector:/opt/ros/humble /usr/bin/cmake --build /home/yash_2280/card_scanner_ws/build/card_scanner -- -j4 -l4
[0.392s] Built target ament_cmake_python_symlink_card_scanner
[0.549s] running egg_info
[0.562s] writing card_scanner.egg-info/PKG-INFO
[0.562s] writing dependency_links to card_scanner.egg-info/dependency_links.txt
[0.563s] writing top-level names to card_scanner.egg-info/top_level.txt
[0.602s] reading manifest file 'card_scanner.egg-info/SOURCES.txt'
[0.602s] writing manifest file 'card_scanner.egg-info/SOURCES.txt'
[0.629s] Built target ament_cmake_python_build_card_scanner_egg
[0.636s] Invoked command in '/home/yash_2280/card_scanner_ws/build/card_scanner' returned '0': CMAKE_PREFIX_PATH=${CMAKE_PREFIX_PATH}:/home/yash_2280/turtlebot3_ws/install/card_change_detector:/opt/ros/humble /usr/bin/cmake --build /home/yash_2280/card_scanner_ws/build/card_scanner -- -j4 -l4
[0.643s] Invoking command in '/home/yash_2280/card_scanner_ws/build/card_scanner': CMAKE_PREFIX_PATH=${CMAKE_PREFIX_PATH}:/home/yash_2280/turtlebot3_ws/install/card_change_detector:/opt/ros/humble /usr/bin/cmake --install /home/yash_2280/card_scanner_ws/build/card_scanner
[0.657s] -- Install configuration: ""
[0.657s] -- Execute custom install script
[0.657s] -- Up-to-date symlink: /home/yash_2280/card_scanner_ws/install/card_scanner/share/card_scanner/environment/pythonpath.sh
[0.657s] -- Up-to-date symlink: /home/yash_2280/card_scanner_ws/install/card_scanner/share/card_scanner/environment/pythonpath.dsv
[0.657s] -- Up-to-date symlink: /home/yash_2280/card_scanner_ws/install/card_scanner/local/lib/python3.10/dist-packages/card_scanner-1.0.0-py3.10.egg-info/PKG-INFO
[0.657s] -- Up-to-date symlink: /home/yash_2280/card_scanner_ws/install/card_scanner/local/lib/python3.10/dist-packages/card_scanner-1.0.0-py3.10.egg-info/SOURCES.txt
[0.657s] -- Up-to-date symlink: /home/yash_2280/card_scanner_ws/install/card_scanner/local/lib/python3.10/dist-packages/card_scanner-1.0.0-py3.10.egg-info/dependency_links.txt
[0.657s] -- Up-to-date symlink: /home/yash_2280/card_scanner_ws/install/card_scanner/local/lib/python3.10/dist-packages/card_scanner-1.0.0-py3.10.egg-info/top_level.txt
[0.657s] -- Up-to-date symlink: /home/yash_2280/card_scanner_ws/install/card_scanner/local/lib/python3.10/dist-packages/card_scanner/__init__.py
[0.657s] -- Up-to-date symlink: /home/yash_2280/card_scanner_ws/install/card_scanner/local/lib/python3.10/dist-packages/card_scanner/card_scanner_node.py
[0.657s] -- Up-to-date symlink: /home/yash_2280/card_scanner_ws/install/card_scanner/lib/card_scanner/card_scanner_node.py
[0.658s] -- Up-to-date symlink: /home/yash_2280/card_scanner_ws/install/card_scanner/share/card_scanner/launch/card_scanner.launch.py
[0.658s] -- Up-to-date symlink: /home/yash_2280/card_scanner_ws/install/card_scanner/share/card_scanner/config/params.yaml
[0.658s] -- Up-to-date symlink: /home/yash_2280/card_scanner_ws/install/card_scanner/share/ament_index/resource_index/package_run_dependencies/card_scanner
[0.658s] -- Up-to-date symlink: /home/yash_2280/card_scanner_ws/install/card_scanner/share/ament_index/resource_index/parent_prefix_path/card_scanner
[0.658s] -- Up-to-date symlink: /home/yash_2280/card_scanner_ws/install/card_scanner/share/card_scanner/environment/ament_prefix_path.sh
[0.658s] -- Up-to-date symlink: /home/yash_2280/card_scanner_ws/install/card_scanner/share/card_scanner/environment/ament_prefix_path.dsv
[0.658s] -- Up-to-date symlink: /home/yash_2280/card_scanner_ws/install/card_scanner/share/card_scanner/environment/path.sh
[0.658s] -- Up-to-date symlink: /home/yash_2280/card_scanner_ws/install/card_scanner/share/card_scanner/environment/path.dsv
[0.658s] -- Up-to-date symlink: /home/yash_2280/card_scanner_ws/install/card_scanner/share/card_scanner/local_setup.bash
[0.658s] -- Up-to-date symlink: /home/yash_2280/card_scanner_ws/install/card_scanner/share/card_scanner/local_setup.sh
[0.658s] -- Up-to-date symlink: /home/yash_2280/card_scanner_ws/install/card_scanner/share/card_scanner/local_setup.zsh
[0.658s] -- Up-to-date symlink: /home/yash_2280/card_scanner_ws/install/card_scanner/share/card_scanner/local_setup.dsv
[0.658s] -- Symlinking: /home/yash_2280/card_scanner_ws/install/card_scanner/share/card_scanner/package.dsv
[0.664s] -- Up-to-date symlink: /home/yash_2280/card_scanner_ws/install/card_scanner/share/ament_index/resource_index/packages/card_scanner
[0.665s] -- Up-to-date symlink: /home/yash_2280/card_scanner_ws/install/card_scanner/share/card_scanner/cmake/card_scannerConfig.cmake
[0.665s] -- Up-to-date symlink: /home/yash_2280/card_scanner_ws/install/card_scanner/share/card_scanner/cmake/card_scannerConfig-version.cmake
[0.666s] -- Up-to-date symlink: /home/yash_2280/card_scanner_ws/install/card_scanner/share/card_scanner/package.xml
[0.695s] Listing '/home/yash_2280/card_scanner_ws/install/card_scanner/local/lib/python3.10/dist-packages/card_scanner'...
[0.695s] Compiling '/home/yash_2280/card_scanner_ws/install/card_scanner/local/lib/python3.10/dist-packages/card_scanner/card_scanner_node.py'...
[0.701s] Invoked command in '/home/yash_2280/card_scanner_ws/build/card_scanner' returned '0': CMAKE_PREFIX_PATH=${CMAKE_PREFIX_PATH}:/home/yash_2280/turtlebot3_ws/install/card_change_detector:/opt/ros/humble /usr/bin/cmake --install /home/yash_2280/card_scanner_ws/build/card_scanner
