[0.015s] Invoking command in '/home/yash_2280/card_scanner_ws/build/card_scanner': CMAKE_PREFIX_PATH=${CMAKE_PREFIX_PATH}:/home/yash_2280/turtlebot3_ws/install/turtlebot3_teleop:/home/yash_2280/turtlebot3_ws/install/turtlebot3_example:/home/yash_2280/turtlebot3_ws/install/card_change_detector:/opt/ros/humble /usr/bin/cmake --build /home/yash_2280/card_scanner_ws/build/card_scanner -- -j4 -l4
[0.106s] Invoked command in '/home/yash_2280/card_scanner_ws/build/card_scanner' returned '0': CMAKE_PREFIX_PATH=${CMAKE_PREFIX_PATH}:/home/yash_2280/turtlebot3_ws/install/turtlebot3_teleop:/home/yash_2280/turtlebot3_ws/install/turtlebot3_example:/home/yash_2280/turtlebot3_ws/install/card_change_detector:/opt/ros/humble /usr/bin/cmake --build /home/yash_2280/card_scanner_ws/build/card_scanner -- -j4 -l4
[0.114s] Invoking command in '/home/yash_2280/card_scanner_ws/build/card_scanner': CMAKE_PREFIX_PATH=${CMAKE_PREFIX_PATH}:/home/yash_2280/turtlebot3_ws/install/turtlebot3_teleop:/home/yash_2280/turtlebot3_ws/install/turtlebot3_example:/home/yash_2280/turtlebot3_ws/install/card_change_detector:/opt/ros/humble /usr/bin/cmake --install /home/yash_2280/card_scanner_ws/build/card_scanner
[0.120s] -- Install configuration: ""
[0.121s] -- Execute custom install script
[0.121s] -- Up-to-date symlink: /home/yash_2280/card_scanner_ws/install/card_scanner/share/card_scanner/card_scanner/__init__.py
[0.122s] -- Up-to-date symlink: /home/yash_2280/card_scanner_ws/install/card_scanner/share/card_scanner/card_scanner/card_scanner_node.py
[0.122s] -- Up-to-date symlink: /home/yash_2280/card_scanner_ws/install/card_scanner/share/card_scanner/launch/card_scanner.launch.py
[0.122s] -- Up-to-date symlink: /home/yash_2280/card_scanner_ws/install/card_scanner/share/card_scanner/config/params.yaml
[0.122s] -- Up-to-date symlink: /home/yash_2280/card_scanner_ws/install/card_scanner/lib/card_scanner/card_scanner_node.py
[0.123s] -- Up-to-date symlink: /home/yash_2280/card_scanner_ws/install/card_scanner/share/ament_index/resource_index/package_run_dependencies/card_scanner
[0.123s] -- Up-to-date symlink: /home/yash_2280/card_scanner_ws/install/card_scanner/share/ament_index/resource_index/parent_prefix_path/card_scanner
[0.123s] -- Up-to-date symlink: /home/yash_2280/card_scanner_ws/install/card_scanner/share/card_scanner/environment/ament_prefix_path.sh
[0.123s] -- Up-to-date symlink: /home/yash_2280/card_scanner_ws/install/card_scanner/share/card_scanner/environment/ament_prefix_path.dsv
[0.124s] -- Up-to-date symlink: /home/yash_2280/card_scanner_ws/install/card_scanner/share/card_scanner/environment/path.sh
[0.124s] -- Up-to-date symlink: /home/yash_2280/card_scanner_ws/install/card_scanner/share/card_scanner/environment/path.dsv
[0.124s] -- Up-to-date symlink: /home/yash_2280/card_scanner_ws/install/card_scanner/share/card_scanner/local_setup.bash
[0.124s] -- Up-to-date symlink: /home/yash_2280/card_scanner_ws/install/card_scanner/share/card_scanner/local_setup.sh
[0.124s] -- Up-to-date symlink: /home/yash_2280/card_scanner_ws/install/card_scanner/share/card_scanner/local_setup.zsh
[0.125s] -- Up-to-date symlink: /home/yash_2280/card_scanner_ws/install/card_scanner/share/card_scanner/local_setup.dsv
[0.125s] -- Symlinking: /home/yash_2280/card_scanner_ws/install/card_scanner/share/card_scanner/package.dsv
[0.131s] -- Up-to-date symlink: /home/yash_2280/card_scanner_ws/install/card_scanner/share/ament_index/resource_index/packages/card_scanner
[0.131s] -- Up-to-date symlink: /home/yash_2280/card_scanner_ws/install/card_scanner/share/card_scanner/cmake/card_scannerConfig.cmake
[0.131s] -- Up-to-date symlink: /home/yash_2280/card_scanner_ws/install/card_scanner/share/card_scanner/cmake/card_scannerConfig-version.cmake
[0.131s] -- Up-to-date symlink: /home/yash_2280/card_scanner_ws/install/card_scanner/share/card_scanner/package.xml
[0.133s] Invoked command in '/home/yash_2280/card_scanner_ws/build/card_scanner' returned '0': CMAKE_PREFIX_PATH=${CMAKE_PREFIX_PATH}:/home/yash_2280/turtlebot3_ws/install/turtlebot3_teleop:/home/yash_2280/turtlebot3_ws/install/turtlebot3_example:/home/yash_2280/turtlebot3_ws/install/card_change_detector:/opt/ros/humble /usr/bin/cmake --install /home/yash_2280/card_scanner_ws/build/card_scanner
