[0.091s] DEBUG:colcon:Command line arguments: ['/usr/bin/colcon', 'build', '--symlink-install', '--packages-select', 'card_scanner']
[0.091s] DEBUG:colcon:Parsed command line arguments: Namespace(log_base=None, log_level=None, verb_name='build', build_base='build', install_base='install', merge_install=False, symlink_install=True, test_result_base=None, continue_on_error=False, executor='parallel', parallel_workers=4, event_handlers=None, ignore_user_meta=False, metas=['./colcon.meta'], base_paths=['.'], packages_ignore=None, packages_ignore_regex=None, paths=None, packages_up_to=None, packages_up_to_regex=None, packages_above=None, packages_above_and_dependencies=None, packages_above_depth=None, packages_select_by_dep=None, packages_skip_by_dep=None, packages_skip_up_to=None, packages_select_build_failed=False, packages_skip_build_finished=False, packages_select_test_failures=False, packages_skip_test_passed=False, packages_select=['card_scanner'], packages_skip=None, packages_select_regex=None, packages_skip_regex=None, packages_start=None, packages_end=None, allow_overriding=[], cmake_args=None, cmake_target=None, cmake_target_skip_unavailable=False, cmake_clean_cache=False, cmake_clean_first=False, cmake_force_configure=False, ament_cmake_args=None, catkin_cmake_args=None, catkin_skip_building_tests=False, mixin_files=None, mixin=None, verb_parser=<colcon_mixin.mixin.mixin_argument.MixinArgumentDecorator object at 0xffff85d704c0>, verb_extension=<colcon_core.verb.build.BuildVerb object at 0xffff85d3bd00>, main=<bound method BuildVerb.main of <colcon_core.verb.build.BuildVerb object at 0xffff85d3bd00>>, mixin_verb=('build',))
[0.127s] Level 1:colcon.colcon_core.package_discovery:discover_packages(colcon_meta) check parameters
[0.128s] Level 1:colcon.colcon_core.package_discovery:discover_packages(recursive) check parameters
[0.128s] Level 1:colcon.colcon_core.package_discovery:discover_packages(ignore) check parameters
[0.128s] Level 1:colcon.colcon_core.package_discovery:discover_packages(path) check parameters
[0.128s] Level 1:colcon.colcon_core.package_discovery:discover_packages(colcon_meta) discover
[0.128s] Level 1:colcon.colcon_core.package_discovery:discover_packages(recursive) discover
[0.128s] INFO:colcon.colcon_core.package_discovery:Crawling recursively for packages in '/home/yash_2280/card_scanner_ws'
[0.128s] Level 1:colcon.colcon_core.package_identification:_identify(.) by extensions ['ignore', 'ignore_ament_install']
[0.128s] Level 1:colcon.colcon_core.package_identification:_identify(.) by extension 'ignore'
[0.128s] Level 1:colcon.colcon_core.package_identification:_identify(.) by extension 'ignore_ament_install'
[0.128s] Level 1:colcon.colcon_core.package_identification:_identify(.) by extensions ['colcon_pkg']
[0.128s] Level 1:colcon.colcon_core.package_identification:_identify(.) by extension 'colcon_pkg'
[0.128s] Level 1:colcon.colcon_core.package_identification:_identify(.) by extensions ['colcon_meta']
[0.128s] Level 1:colcon.colcon_core.package_identification:_identify(.) by extension 'colcon_meta'
[0.128s] Level 1:colcon.colcon_core.package_identification:_identify(.) by extensions ['ros']
[0.128s] Level 1:colcon.colcon_core.package_identification:_identify(.) by extension 'ros'
[0.140s] Level 1:colcon.colcon_core.package_identification:_identify(.) by extensions ['cmake', 'python']
[0.140s] Level 1:colcon.colcon_core.package_identification:_identify(.) by extension 'cmake'
[0.140s] Level 1:colcon.colcon_core.package_identification:_identify(.) by extension 'python'
[0.140s] Level 1:colcon.colcon_core.package_identification:_identify(.) by extensions ['python_setup_py']
[0.140s] Level 1:colcon.colcon_core.package_identification:_identify(.) by extension 'python_setup_py'
[0.141s] Level 1:colcon.colcon_core.package_identification:_identify(build) by extensions ['ignore', 'ignore_ament_install']
[0.141s] Level 1:colcon.colcon_core.package_identification:_identify(build) by extension 'ignore'
[0.141s] Level 1:colcon.colcon_core.package_identification:_identify(build) ignored
[0.141s] Level 1:colcon.colcon_core.package_identification:_identify(install) by extensions ['ignore', 'ignore_ament_install']
[0.141s] Level 1:colcon.colcon_core.package_identification:_identify(install) by extension 'ignore'
[0.141s] Level 1:colcon.colcon_core.package_identification:_identify(install) ignored
[0.141s] Level 1:colcon.colcon_core.package_identification:_identify(log) by extensions ['ignore', 'ignore_ament_install']
[0.141s] Level 1:colcon.colcon_core.package_identification:_identify(log) by extension 'ignore'
[0.141s] Level 1:colcon.colcon_core.package_identification:_identify(log) ignored
[0.141s] Level 1:colcon.colcon_core.package_identification:_identify(src) by extensions ['ignore', 'ignore_ament_install']
[0.142s] Level 1:colcon.colcon_core.package_identification:_identify(src) by extension 'ignore'
[0.142s] Level 1:colcon.colcon_core.package_identification:_identify(src) by extension 'ignore_ament_install'
[0.142s] Level 1:colcon.colcon_core.package_identification:_identify(src) by extensions ['colcon_pkg']
[0.142s] Level 1:colcon.colcon_core.package_identification:_identify(src) by extension 'colcon_pkg'
[0.142s] Level 1:colcon.colcon_core.package_identification:_identify(src) by extensions ['colcon_meta']
[0.142s] Level 1:colcon.colcon_core.package_identification:_identify(src) by extension 'colcon_meta'
[0.142s] Level 1:colcon.colcon_core.package_identification:_identify(src) by extensions ['ros']
[0.142s] Level 1:colcon.colcon_core.package_identification:_identify(src) by extension 'ros'
[0.142s] Level 1:colcon.colcon_core.package_identification:_identify(src) by extensions ['cmake', 'python']
[0.142s] Level 1:colcon.colcon_core.package_identification:_identify(src) by extension 'cmake'
[0.142s] Level 1:colcon.colcon_core.package_identification:_identify(src) by extension 'python'
[0.142s] Level 1:colcon.colcon_core.package_identification:_identify(src) by extensions ['python_setup_py']
[0.142s] Level 1:colcon.colcon_core.package_identification:_identify(src) by extension 'python_setup_py'
[0.142s] Level 1:colcon.colcon_core.package_identification:_identify(src/card_scanner) by extensions ['ignore', 'ignore_ament_install']
[0.142s] Level 1:colcon.colcon_core.package_identification:_identify(src/card_scanner) by extension 'ignore'
[0.142s] Level 1:colcon.colcon_core.package_identification:_identify(src/card_scanner) by extension 'ignore_ament_install'
[0.142s] Level 1:colcon.colcon_core.package_identification:_identify(src/card_scanner) by extensions ['colcon_pkg']
[0.142s] Level 1:colcon.colcon_core.package_identification:_identify(src/card_scanner) by extension 'colcon_pkg'
[0.142s] Level 1:colcon.colcon_core.package_identification:_identify(src/card_scanner) by extensions ['colcon_meta']
[0.142s] Level 1:colcon.colcon_core.package_identification:_identify(src/card_scanner) by extension 'colcon_meta'
[0.142s] Level 1:colcon.colcon_core.package_identification:_identify(src/card_scanner) by extensions ['ros']
[0.142s] Level 1:colcon.colcon_core.package_identification:_identify(src/card_scanner) by extension 'ros'
[0.144s] DEBUG:colcon.colcon_core.package_identification:Package 'src/card_scanner' with type 'ros.ament_cmake' and name 'card_scanner'
[0.145s] Level 1:colcon.colcon_core.package_discovery:discover_packages(recursive) using defaults
[0.145s] Level 1:colcon.colcon_core.package_discovery:discover_packages(ignore) discover
[0.145s] Level 1:colcon.colcon_core.package_discovery:discover_packages(ignore) using defaults
[0.145s] Level 1:colcon.colcon_core.package_discovery:discover_packages(path) discover
[0.145s] Level 1:colcon.colcon_core.package_discovery:discover_packages(path) using defaults
[0.162s] Level 1:colcon.colcon_core.package_discovery:discover_packages(prefix_path) check parameters
[0.162s] Level 1:colcon.colcon_core.package_discovery:discover_packages(prefix_path) discover
[0.164s] DEBUG:colcon.colcon_installed_package_information.package_discovery:Found 1 installed packages in /home/yash_2280/card_scanner_ws/install
[0.164s] DEBUG:colcon.colcon_installed_package_information.package_discovery:Found 1 installed packages in /home/yash_2280/turtlebot3_ws/install
[0.166s] DEBUG:colcon.colcon_installed_package_information.package_discovery:Found 391 installed packages in /opt/ros/humble
[0.167s] Level 1:colcon.colcon_core.package_discovery:discover_packages(prefix_path) using defaults
[0.208s] Level 5:colcon.colcon_core.verb:set package 'card_scanner' build argument 'cmake_args' from command line to 'None'
[0.208s] Level 5:colcon.colcon_core.verb:set package 'card_scanner' build argument 'cmake_target' from command line to 'None'
[0.208s] Level 5:colcon.colcon_core.verb:set package 'card_scanner' build argument 'cmake_target_skip_unavailable' from command line to 'False'
[0.208s] Level 5:colcon.colcon_core.verb:set package 'card_scanner' build argument 'cmake_clean_cache' from command line to 'False'
[0.208s] Level 5:colcon.colcon_core.verb:set package 'card_scanner' build argument 'cmake_clean_first' from command line to 'False'
[0.208s] Level 5:colcon.colcon_core.verb:set package 'card_scanner' build argument 'cmake_force_configure' from command line to 'False'
[0.208s] Level 5:colcon.colcon_core.verb:set package 'card_scanner' build argument 'ament_cmake_args' from command line to 'None'
[0.208s] Level 5:colcon.colcon_core.verb:set package 'card_scanner' build argument 'catkin_cmake_args' from command line to 'None'
[0.209s] Level 5:colcon.colcon_core.verb:set package 'card_scanner' build argument 'catkin_skip_building_tests' from command line to 'False'
[0.209s] DEBUG:colcon.colcon_core.verb:Building package 'card_scanner' with the following arguments: {'ament_cmake_args': None, 'build_base': '/home/yash_2280/card_scanner_ws/build/card_scanner', 'catkin_cmake_args': None, 'catkin_skip_building_tests': False, 'cmake_args': None, 'cmake_clean_cache': False, 'cmake_clean_first': False, 'cmake_force_configure': False, 'cmake_target': None, 'cmake_target_skip_unavailable': False, 'install_base': '/home/yash_2280/card_scanner_ws/install/card_scanner', 'merge_install': False, 'path': '/home/yash_2280/card_scanner_ws/src/card_scanner', 'symlink_install': True, 'test_result_base': None}
[0.209s] INFO:colcon.colcon_core.executor:Executing jobs using 'parallel' executor
[0.210s] DEBUG:colcon.colcon_parallel_executor.executor.parallel:run_until_complete
[0.210s] INFO:colcon.colcon_ros.task.ament_cmake.build:Building ROS package in '/home/yash_2280/card_scanner_ws/src/card_scanner' with build type 'ament_cmake'
[0.210s] INFO:colcon.colcon_cmake.task.cmake.build:Building CMake package in '/home/yash_2280/card_scanner_ws/src/card_scanner'
[0.212s] INFO:colcon.colcon_core.plugin_system:Skipping extension 'colcon_core.shell.bat': Not used on non-Windows systems
[0.212s] INFO:colcon.colcon_core.shell:Skip shell extension 'powershell' for command environment: Not usable outside of PowerShell
[0.212s] DEBUG:colcon.colcon_core.shell:Skip shell extension 'dsv' for command environment
[0.221s] DEBUG:colcon.colcon_core.event_handler.log_command:Invoking command in '/home/yash_2280/card_scanner_ws/build/card_scanner': CMAKE_PREFIX_PATH=${CMAKE_PREFIX_PATH}:/home/yash_2280/turtlebot3_ws/install/card_change_detector:/opt/ros/humble /usr/bin/cmake --build /home/yash_2280/card_scanner_ws/build/card_scanner -- -j4 -l4
[0.554s] DEBUG:colcon.colcon_core.event_handler.log_command:Invoked command in '/home/yash_2280/card_scanner_ws/build/card_scanner' returned '0': CMAKE_PREFIX_PATH=${CMAKE_PREFIX_PATH}:/home/yash_2280/turtlebot3_ws/install/card_change_detector:/opt/ros/humble /usr/bin/cmake --build /home/yash_2280/card_scanner_ws/build/card_scanner -- -j4 -l4
[0.561s] DEBUG:colcon.colcon_core.event_handler.log_command:Invoking command in '/home/yash_2280/card_scanner_ws/build/card_scanner': CMAKE_PREFIX_PATH=${CMAKE_PREFIX_PATH}:/home/yash_2280/turtlebot3_ws/install/card_change_detector:/opt/ros/humble /usr/bin/cmake --install /home/yash_2280/card_scanner_ws/build/card_scanner
[0.620s] Level 1:colcon.colcon_core.environment:create_environment_scripts_only(card_scanner)
[0.620s] DEBUG:colcon.colcon_core.event_handler.log_command:Invoked command in '/home/yash_2280/card_scanner_ws/build/card_scanner' returned '0': CMAKE_PREFIX_PATH=${CMAKE_PREFIX_PATH}:/home/yash_2280/turtlebot3_ws/install/card_change_detector:/opt/ros/humble /usr/bin/cmake --install /home/yash_2280/card_scanner_ws/build/card_scanner
[0.622s] Level 1:colcon.colcon_core.environment:checking '/home/yash_2280/card_scanner_ws/install/card_scanner' for CMake module files
[0.622s] Level 1:colcon.colcon_core.environment:checking '/home/yash_2280/card_scanner_ws/install/card_scanner' for CMake config files
[0.623s] Level 1:colcon.colcon_core.shell:create_environment_hook('card_scanner', 'cmake_prefix_path')
[0.623s] INFO:colcon.colcon_core.shell:Creating environment hook '/home/yash_2280/card_scanner_ws/install/card_scanner/share/card_scanner/hook/cmake_prefix_path.ps1'
[0.624s] INFO:colcon.colcon_core.shell:Creating environment descriptor '/home/yash_2280/card_scanner_ws/install/card_scanner/share/card_scanner/hook/cmake_prefix_path.dsv'
[0.624s] INFO:colcon.colcon_core.shell:Creating environment hook '/home/yash_2280/card_scanner_ws/install/card_scanner/share/card_scanner/hook/cmake_prefix_path.sh'
[0.625s] Level 1:colcon.colcon_core.environment:checking '/home/yash_2280/card_scanner_ws/install/card_scanner/lib'
[0.625s] Level 1:colcon.colcon_core.environment:checking '/home/yash_2280/card_scanner_ws/install/card_scanner/bin'
[0.625s] Level 1:colcon.colcon_core.environment:checking '/home/yash_2280/card_scanner_ws/install/card_scanner/lib/pkgconfig/card_scanner.pc'
[0.625s] Level 1:colcon.colcon_core.environment:checking '/home/yash_2280/card_scanner_ws/install/card_scanner/lib/python3.10/site-packages'
[0.626s] Level 1:colcon.colcon_core.environment:checking '/home/yash_2280/card_scanner_ws/install/card_scanner/bin'
[0.626s] INFO:colcon.colcon_core.shell:Creating package script '/home/yash_2280/card_scanner_ws/install/card_scanner/share/card_scanner/package.ps1'
[0.627s] INFO:colcon.colcon_core.shell:Creating package descriptor '/home/yash_2280/card_scanner_ws/install/card_scanner/share/card_scanner/package.dsv'
[0.627s] INFO:colcon.colcon_core.shell:Creating package script '/home/yash_2280/card_scanner_ws/install/card_scanner/share/card_scanner/package.sh'
[0.627s] INFO:colcon.colcon_core.shell:Creating package script '/home/yash_2280/card_scanner_ws/install/card_scanner/share/card_scanner/package.bash'
[0.628s] INFO:colcon.colcon_core.shell:Creating package script '/home/yash_2280/card_scanner_ws/install/card_scanner/share/card_scanner/package.zsh'
[0.628s] Level 1:colcon.colcon_core.environment:create_file_with_runtime_dependencies(/home/yash_2280/card_scanner_ws/install/card_scanner/share/colcon-core/packages/card_scanner)
[0.629s] Level 1:colcon.colcon_core.environment:create_environment_scripts_only(card_scanner)
[0.629s] Level 1:colcon.colcon_core.environment:checking '/home/yash_2280/card_scanner_ws/install/card_scanner' for CMake module files
[0.629s] Level 1:colcon.colcon_core.environment:checking '/home/yash_2280/card_scanner_ws/install/card_scanner' for CMake config files
[0.630s] Level 1:colcon.colcon_core.shell:create_environment_hook('card_scanner', 'cmake_prefix_path')
[0.630s] INFO:colcon.colcon_core.shell:Creating environment hook '/home/yash_2280/card_scanner_ws/install/card_scanner/share/card_scanner/hook/cmake_prefix_path.ps1'
[0.630s] INFO:colcon.colcon_core.shell:Creating environment descriptor '/home/yash_2280/card_scanner_ws/install/card_scanner/share/card_scanner/hook/cmake_prefix_path.dsv'
[0.630s] INFO:colcon.colcon_core.shell:Creating environment hook '/home/yash_2280/card_scanner_ws/install/card_scanner/share/card_scanner/hook/cmake_prefix_path.sh'
[0.631s] Level 1:colcon.colcon_core.environment:checking '/home/yash_2280/card_scanner_ws/install/card_scanner/lib'
[0.631s] Level 1:colcon.colcon_core.environment:checking '/home/yash_2280/card_scanner_ws/install/card_scanner/bin'
[0.631s] Level 1:colcon.colcon_core.environment:checking '/home/yash_2280/card_scanner_ws/install/card_scanner/lib/pkgconfig/card_scanner.pc'
[0.631s] Level 1:colcon.colcon_core.environment:checking '/home/yash_2280/card_scanner_ws/install/card_scanner/lib/python3.10/site-packages'
[0.632s] Level 1:colcon.colcon_core.environment:checking '/home/yash_2280/card_scanner_ws/install/card_scanner/bin'
[0.632s] INFO:colcon.colcon_core.shell:Creating package script '/home/yash_2280/card_scanner_ws/install/card_scanner/share/card_scanner/package.ps1'
[0.632s] INFO:colcon.colcon_core.shell:Creating package descriptor '/home/yash_2280/card_scanner_ws/install/card_scanner/share/card_scanner/package.dsv'
[0.633s] INFO:colcon.colcon_core.shell:Creating package script '/home/yash_2280/card_scanner_ws/install/card_scanner/share/card_scanner/package.sh'
[0.633s] INFO:colcon.colcon_core.shell:Creating package script '/home/yash_2280/card_scanner_ws/install/card_scanner/share/card_scanner/package.bash'
[0.633s] INFO:colcon.colcon_core.shell:Creating package script '/home/yash_2280/card_scanner_ws/install/card_scanner/share/card_scanner/package.zsh'
[0.634s] Level 1:colcon.colcon_core.environment:create_file_with_runtime_dependencies(/home/yash_2280/card_scanner_ws/install/card_scanner/share/colcon-core/packages/card_scanner)
[0.634s] DEBUG:colcon.colcon_parallel_executor.executor.parallel:closing loop
[0.634s] DEBUG:colcon.colcon_parallel_executor.executor.parallel:loop closed
[0.634s] DEBUG:colcon.colcon_parallel_executor.executor.parallel:run_until_complete finished with '0'
[0.634s] DEBUG:colcon.colcon_core.event_reactor:joining thread
[0.646s] INFO:colcon.colcon_core.plugin_system:Skipping extension 'colcon_notification.desktop_notification.terminal_notifier': Not used on non-Darwin systems
[0.646s] INFO:colcon.colcon_core.plugin_system:Skipping extension 'colcon_notification.desktop_notification.win32': Not used on non-Windows systems
[0.646s] INFO:colcon.colcon_notification.desktop_notification:Sending desktop notification using 'notify2'
[0.658s] DEBUG:colcon.colcon_core.event_reactor:joined thread
[0.658s] INFO:colcon.colcon_core.shell:Creating prefix script '/home/yash_2280/card_scanner_ws/install/local_setup.ps1'
[0.659s] INFO:colcon.colcon_core.shell:Creating prefix util module '/home/yash_2280/card_scanner_ws/install/_local_setup_util_ps1.py'
[0.661s] INFO:colcon.colcon_core.shell:Creating prefix chain script '/home/yash_2280/card_scanner_ws/install/setup.ps1'
[0.661s] INFO:colcon.colcon_core.shell:Creating prefix script '/home/yash_2280/card_scanner_ws/install/local_setup.sh'
[0.662s] INFO:colcon.colcon_core.shell:Creating prefix util module '/home/yash_2280/card_scanner_ws/install/_local_setup_util_sh.py'
[0.662s] INFO:colcon.colcon_core.shell:Creating prefix chain script '/home/yash_2280/card_scanner_ws/install/setup.sh'
[0.663s] INFO:colcon.colcon_core.shell:Creating prefix script '/home/yash_2280/card_scanner_ws/install/local_setup.bash'
[0.663s] INFO:colcon.colcon_core.shell:Creating prefix chain script '/home/yash_2280/card_scanner_ws/install/setup.bash'
[0.664s] INFO:colcon.colcon_core.shell:Creating prefix script '/home/yash_2280/card_scanner_ws/install/local_setup.zsh'
[0.664s] INFO:colcon.colcon_core.shell:Creating prefix chain script '/home/yash_2280/card_scanner_ws/install/setup.zsh'
