[0.010s] Invoking command in '/home/yash_2280/card_scanner_ws/build/card_scanner': CMAKE_PREFIX_PATH=${CMAKE_PREFIX_PATH}:/home/yash_2280/turtlebot3_ws/install/turtlebot3_teleop:/home/yash_2280/turtlebot3_ws/install/turtlebot3_example:/home/yash_2280/turtlebot3_ws/install/card_change_detector:/opt/ros/humble /usr/bin/cmake /home/yash_2280/card_scanner_ws/src/card_scanner -DCMAKE_INSTALL_PREFIX=/home/yash_2280/card_scanner_ws/install/card_scanner
[0.239s] -- The C compiler identification is GNU 11.4.0
[0.397s] -- The CXX compiler identification is GNU 11.4.0
[0.408s] -- Detecting C compiler ABI info
[0.486s] -- Detecting C compiler ABI info - done
[0.491s] -- Check for working C compiler: /usr/bin/cc - skipped
[0.492s] -- Detecting C compile features
[0.493s] -- Detecting C compile features - done
[0.496s] -- Detecting CXX compiler ABI info
[0.559s] -- Detecting CXX compiler ABI info - done
[0.566s] -- Check for working CXX compiler: /usr/bin/c++ - skipped
[0.566s] -- Detecting CXX compile features
[0.567s] -- Detecting CXX compile features - done
[0.582s] -- Found ament_cmake: 1.3.14 (/opt/ros/humble/share/ament_cmake/cmake)
[0.881s] -- Found Python3: /usr/bin/python3 (found version "3.10.12") found components: Interpreter 
[0.970s] -- Found rclpy: 3.3.21 (/opt/ros/humble/share/rclpy/cmake)
[1.023s] -- Configuring done
[1.025s] -- Generating done
[1.026s] -- Build files have been written to: /home/yash_2280/card_scanner_ws/build/card_scanner
[1.030s] Invoked command in '/home/yash_2280/card_scanner_ws/build/card_scanner' returned '0': CMAKE_PREFIX_PATH=${CMAKE_PREFIX_PATH}:/home/yash_2280/turtlebot3_ws/install/turtlebot3_teleop:/home/yash_2280/turtlebot3_ws/install/turtlebot3_example:/home/yash_2280/turtlebot3_ws/install/card_change_detector:/opt/ros/humble /usr/bin/cmake /home/yash_2280/card_scanner_ws/src/card_scanner -DCMAKE_INSTALL_PREFIX=/home/yash_2280/card_scanner_ws/install/card_scanner
[1.032s] Invoking command in '/home/yash_2280/card_scanner_ws/build/card_scanner': CMAKE_PREFIX_PATH=${CMAKE_PREFIX_PATH}:/home/yash_2280/turtlebot3_ws/install/turtlebot3_teleop:/home/yash_2280/turtlebot3_ws/install/turtlebot3_example:/home/yash_2280/turtlebot3_ws/install/card_change_detector:/opt/ros/humble /usr/bin/cmake --build /home/yash_2280/card_scanner_ws/build/card_scanner -- -j4 -l4
[1.086s] Invoked command in '/home/yash_2280/card_scanner_ws/build/card_scanner' returned '0': CMAKE_PREFIX_PATH=${CMAKE_PREFIX_PATH}:/home/yash_2280/turtlebot3_ws/install/turtlebot3_teleop:/home/yash_2280/turtlebot3_ws/install/turtlebot3_example:/home/yash_2280/turtlebot3_ws/install/card_change_detector:/opt/ros/humble /usr/bin/cmake --build /home/yash_2280/card_scanner_ws/build/card_scanner -- -j4 -l4
[1.096s] Invoking command in '/home/yash_2280/card_scanner_ws/build/card_scanner': CMAKE_PREFIX_PATH=${CMAKE_PREFIX_PATH}:/home/yash_2280/turtlebot3_ws/install/turtlebot3_teleop:/home/yash_2280/turtlebot3_ws/install/turtlebot3_example:/home/yash_2280/turtlebot3_ws/install/card_change_detector:/opt/ros/humble /usr/bin/cmake --install /home/yash_2280/card_scanner_ws/build/card_scanner
[1.106s] -- Install configuration: ""
[1.106s] -- Installing: /home/yash_2280/card_scanner_ws/install/card_scanner/share/card_scanner/card_scanner
[1.106s] -- Installing: /home/yash_2280/card_scanner_ws/install/card_scanner/share/card_scanner/card_scanner/__init__.py
[1.107s] -- Installing: /home/yash_2280/card_scanner_ws/install/card_scanner/share/card_scanner/card_scanner/card_scanner_node.py
[1.107s] -- Installing: /home/yash_2280/card_scanner_ws/install/card_scanner/share/card_scanner/launch
[1.107s] -- Installing: /home/yash_2280/card_scanner_ws/install/card_scanner/share/card_scanner/launch/card_scanner.launch.py
[1.107s] -- Installing: /home/yash_2280/card_scanner_ws/install/card_scanner/share/card_scanner/config
[1.107s] -- Installing: /home/yash_2280/card_scanner_ws/install/card_scanner/share/card_scanner/config/params.yaml
[1.107s] -- Installing: /home/yash_2280/card_scanner_ws/install/card_scanner/lib/card_scanner/card_scanner_node.py
[1.107s] -- Installing: /home/yash_2280/card_scanner_ws/install/card_scanner/share/ament_index/resource_index/package_run_dependencies/card_scanner
[1.107s] -- Installing: /home/yash_2280/card_scanner_ws/install/card_scanner/share/ament_index/resource_index/parent_prefix_path/card_scanner
[1.107s] -- Installing: /home/yash_2280/card_scanner_ws/install/card_scanner/share/card_scanner/environment/ament_prefix_path.sh
[1.107s] -- Installing: /home/yash_2280/card_scanner_ws/install/card_scanner/share/card_scanner/environment/ament_prefix_path.dsv
[1.107s] -- Installing: /home/yash_2280/card_scanner_ws/install/card_scanner/share/card_scanner/environment/path.sh
[1.107s] -- Installing: /home/yash_2280/card_scanner_ws/install/card_scanner/share/card_scanner/environment/path.dsv
[1.107s] -- Installing: /home/yash_2280/card_scanner_ws/install/card_scanner/share/card_scanner/local_setup.bash
[1.107s] -- Installing: /home/yash_2280/card_scanner_ws/install/card_scanner/share/card_scanner/local_setup.sh
[1.107s] -- Installing: /home/yash_2280/card_scanner_ws/install/card_scanner/share/card_scanner/local_setup.zsh
[1.107s] -- Installing: /home/yash_2280/card_scanner_ws/install/card_scanner/share/card_scanner/local_setup.dsv
[1.107s] -- Installing: /home/yash_2280/card_scanner_ws/install/card_scanner/share/card_scanner/package.dsv
[1.107s] -- Installing: /home/yash_2280/card_scanner_ws/install/card_scanner/share/ament_index/resource_index/packages/card_scanner
[1.107s] -- Installing: /home/yash_2280/card_scanner_ws/install/card_scanner/share/card_scanner/cmake/card_scannerConfig.cmake
[1.107s] -- Installing: /home/yash_2280/card_scanner_ws/install/card_scanner/share/card_scanner/cmake/card_scannerConfig-version.cmake
[1.107s] -- Installing: /home/yash_2280/card_scanner_ws/install/card_scanner/share/card_scanner/package.xml
[1.110s] Invoked command in '/home/yash_2280/card_scanner_ws/build/card_scanner' returned '0': CMAKE_PREFIX_PATH=${CMAKE_PREFIX_PATH}:/home/yash_2280/turtlebot3_ws/install/turtlebot3_teleop:/home/yash_2280/turtlebot3_ws/install/turtlebot3_example:/home/yash_2280/turtlebot3_ws/install/card_change_detector:/opt/ros/humble /usr/bin/cmake --install /home/yash_2280/card_scanner_ws/build/card_scanner
