[0.131s] DEBUG:colcon:Command line arguments: ['/usr/bin/colcon', 'build', '--symlink-install', '--packages-select', 'card_scanner']
[0.131s] DEBUG:colcon:Parsed command line arguments: Namespace(log_base=None, log_level=None, verb_name='build', build_base='build', install_base='install', merge_install=False, symlink_install=True, test_result_base=None, continue_on_error=False, executor='parallel', parallel_workers=4, event_handlers=None, ignore_user_meta=False, metas=['./colcon.meta'], base_paths=['.'], packages_ignore=None, packages_ignore_regex=None, paths=None, packages_up_to=None, packages_up_to_regex=None, packages_above=None, packages_above_and_dependencies=None, packages_above_depth=None, packages_select_by_dep=None, packages_skip_by_dep=None, packages_skip_up_to=None, packages_select_build_failed=False, packages_skip_build_finished=False, packages_select_test_failures=False, packages_skip_test_passed=False, packages_select=['card_scanner'], packages_skip=None, packages_select_regex=None, packages_skip_regex=None, packages_start=None, packages_end=None, allow_overriding=[], cmake_args=None, cmake_target=None, cmake_target_skip_unavailable=False, cmake_clean_cache=False, cmake_clean_first=False, cmake_force_configure=False, ament_cmake_args=None, catkin_cmake_args=None, catkin_skip_building_tests=False, mixin_files=None, mixin=None, verb_parser=<colcon_mixin.mixin.mixin_argument.MixinArgumentDecorator object at 0xffff852804c0>, verb_extension=<colcon_core.verb.build.BuildVerb object at 0xffff8524bd00>, main=<bound method BuildVerb.main of <colcon_core.verb.build.BuildVerb object at 0xffff8524bd00>>, mixin_verb=('build',))
[0.164s] Level 1:colcon.colcon_core.package_discovery:discover_packages(colcon_meta) check parameters
[0.165s] Level 1:colcon.colcon_core.package_discovery:discover_packages(recursive) check parameters
[0.165s] Level 1:colcon.colcon_core.package_discovery:discover_packages(ignore) check parameters
[0.165s] Level 1:colcon.colcon_core.package_discovery:discover_packages(path) check parameters
[0.165s] Level 1:colcon.colcon_core.package_discovery:discover_packages(colcon_meta) discover
[0.165s] Level 1:colcon.colcon_core.package_discovery:discover_packages(recursive) discover
[0.165s] INFO:colcon.colcon_core.package_discovery:Crawling recursively for packages in '/home/yash_2280/card_scanner_ws'
[0.165s] Level 1:colcon.colcon_core.package_identification:_identify(.) by extensions ['ignore', 'ignore_ament_install']
[0.165s] Level 1:colcon.colcon_core.package_identification:_identify(.) by extension 'ignore'
[0.165s] Level 1:colcon.colcon_core.package_identification:_identify(.) by extension 'ignore_ament_install'
[0.165s] Level 1:colcon.colcon_core.package_identification:_identify(.) by extensions ['colcon_pkg']
[0.165s] Level 1:colcon.colcon_core.package_identification:_identify(.) by extension 'colcon_pkg'
[0.165s] Level 1:colcon.colcon_core.package_identification:_identify(.) by extensions ['colcon_meta']
[0.165s] Level 1:colcon.colcon_core.package_identification:_identify(.) by extension 'colcon_meta'
[0.165s] Level 1:colcon.colcon_core.package_identification:_identify(.) by extensions ['ros']
[0.165s] Level 1:colcon.colcon_core.package_identification:_identify(.) by extension 'ros'
[0.178s] Level 1:colcon.colcon_core.package_identification:_identify(.) by extensions ['cmake', 'python']
[0.178s] Level 1:colcon.colcon_core.package_identification:_identify(.) by extension 'cmake'
[0.178s] Level 1:colcon.colcon_core.package_identification:_identify(.) by extension 'python'
[0.178s] Level 1:colcon.colcon_core.package_identification:_identify(.) by extensions ['python_setup_py']
[0.178s] Level 1:colcon.colcon_core.package_identification:_identify(.) by extension 'python_setup_py'
[0.178s] Level 1:colcon.colcon_core.package_identification:_identify(build) by extensions ['ignore', 'ignore_ament_install']
[0.178s] Level 1:colcon.colcon_core.package_identification:_identify(build) by extension 'ignore'
[0.178s] Level 1:colcon.colcon_core.package_identification:_identify(build) ignored
[0.179s] Level 1:colcon.colcon_core.package_identification:_identify(install) by extensions ['ignore', 'ignore_ament_install']
[0.179s] Level 1:colcon.colcon_core.package_identification:_identify(install) by extension 'ignore'
[0.179s] Level 1:colcon.colcon_core.package_identification:_identify(install) ignored
[0.179s] Level 1:colcon.colcon_core.package_identification:_identify(log) by extensions ['ignore', 'ignore_ament_install']
[0.179s] Level 1:colcon.colcon_core.package_identification:_identify(log) by extension 'ignore'
[0.179s] Level 1:colcon.colcon_core.package_identification:_identify(log) ignored
[0.179s] Level 1:colcon.colcon_core.package_identification:_identify(src) by extensions ['ignore', 'ignore_ament_install']
[0.179s] Level 1:colcon.colcon_core.package_identification:_identify(src) by extension 'ignore'
[0.179s] Level 1:colcon.colcon_core.package_identification:_identify(src) by extension 'ignore_ament_install'
[0.179s] Level 1:colcon.colcon_core.package_identification:_identify(src) by extensions ['colcon_pkg']
[0.179s] Level 1:colcon.colcon_core.package_identification:_identify(src) by extension 'colcon_pkg'
[0.179s] Level 1:colcon.colcon_core.package_identification:_identify(src) by extensions ['colcon_meta']
[0.179s] Level 1:colcon.colcon_core.package_identification:_identify(src) by extension 'colcon_meta'
[0.179s] Level 1:colcon.colcon_core.package_identification:_identify(src) by extensions ['ros']
[0.179s] Level 1:colcon.colcon_core.package_identification:_identify(src) by extension 'ros'
[0.179s] Level 1:colcon.colcon_core.package_identification:_identify(src) by extensions ['cmake', 'python']
[0.179s] Level 1:colcon.colcon_core.package_identification:_identify(src) by extension 'cmake'
[0.179s] Level 1:colcon.colcon_core.package_identification:_identify(src) by extension 'python'
[0.179s] Level 1:colcon.colcon_core.package_identification:_identify(src) by extensions ['python_setup_py']
[0.179s] Level 1:colcon.colcon_core.package_identification:_identify(src) by extension 'python_setup_py'
[0.179s] Level 1:colcon.colcon_core.package_identification:_identify(src/card_scanner) by extensions ['ignore', 'ignore_ament_install']
[0.180s] Level 1:colcon.colcon_core.package_identification:_identify(src/card_scanner) by extension 'ignore'
[0.180s] Level 1:colcon.colcon_core.package_identification:_identify(src/card_scanner) by extension 'ignore_ament_install'
[0.180s] Level 1:colcon.colcon_core.package_identification:_identify(src/card_scanner) by extensions ['colcon_pkg']
[0.180s] Level 1:colcon.colcon_core.package_identification:_identify(src/card_scanner) by extension 'colcon_pkg'
[0.180s] Level 1:colcon.colcon_core.package_identification:_identify(src/card_scanner) by extensions ['colcon_meta']
[0.180s] Level 1:colcon.colcon_core.package_identification:_identify(src/card_scanner) by extension 'colcon_meta'
[0.180s] Level 1:colcon.colcon_core.package_identification:_identify(src/card_scanner) by extensions ['ros']
[0.180s] Level 1:colcon.colcon_core.package_identification:_identify(src/card_scanner) by extension 'ros'
[0.182s] DEBUG:colcon.colcon_core.package_identification:Package 'src/card_scanner' with type 'ros.ament_cmake' and name 'card_scanner'
[0.182s] Level 1:colcon.colcon_core.package_discovery:discover_packages(recursive) using defaults
[0.182s] Level 1:colcon.colcon_core.package_discovery:discover_packages(ignore) discover
[0.182s] Level 1:colcon.colcon_core.package_discovery:discover_packages(ignore) using defaults
[0.182s] Level 1:colcon.colcon_core.package_discovery:discover_packages(path) discover
[0.182s] Level 1:colcon.colcon_core.package_discovery:discover_packages(path) using defaults
[0.198s] Level 1:colcon.colcon_core.package_discovery:discover_packages(prefix_path) check parameters
[0.198s] Level 1:colcon.colcon_core.package_discovery:discover_packages(prefix_path) discover
[0.200s] DEBUG:colcon.colcon_installed_package_information.package_discovery:Found 1 installed packages in /home/yash_2280/card_scanner_ws/install
[0.200s] DEBUG:colcon.colcon_installed_package_information.package_discovery:Found 1 installed packages in /home/yash_2280/turtlebot3_ws/install
[0.202s] DEBUG:colcon.colcon_installed_package_information.package_discovery:Found 391 installed packages in /opt/ros/humble
[0.203s] Level 1:colcon.colcon_core.package_discovery:discover_packages(prefix_path) using defaults
[0.244s] Level 5:colcon.colcon_core.verb:set package 'card_scanner' build argument 'cmake_args' from command line to 'None'
[0.245s] Level 5:colcon.colcon_core.verb:set package 'card_scanner' build argument 'cmake_target' from command line to 'None'
[0.245s] Level 5:colcon.colcon_core.verb:set package 'card_scanner' build argument 'cmake_target_skip_unavailable' from command line to 'False'
[0.245s] Level 5:colcon.colcon_core.verb:set package 'card_scanner' build argument 'cmake_clean_cache' from command line to 'False'
[0.245s] Level 5:colcon.colcon_core.verb:set package 'card_scanner' build argument 'cmake_clean_first' from command line to 'False'
[0.245s] Level 5:colcon.colcon_core.verb:set package 'card_scanner' build argument 'cmake_force_configure' from command line to 'False'
[0.245s] Level 5:colcon.colcon_core.verb:set package 'card_scanner' build argument 'ament_cmake_args' from command line to 'None'
[0.245s] Level 5:colcon.colcon_core.verb:set package 'card_scanner' build argument 'catkin_cmake_args' from command line to 'None'
[0.245s] Level 5:colcon.colcon_core.verb:set package 'card_scanner' build argument 'catkin_skip_building_tests' from command line to 'False'
[0.245s] DEBUG:colcon.colcon_core.verb:Building package 'card_scanner' with the following arguments: {'ament_cmake_args': None, 'build_base': '/home/yash_2280/card_scanner_ws/build/card_scanner', 'catkin_cmake_args': None, 'catkin_skip_building_tests': False, 'cmake_args': None, 'cmake_clean_cache': False, 'cmake_clean_first': False, 'cmake_force_configure': False, 'cmake_target': None, 'cmake_target_skip_unavailable': False, 'install_base': '/home/yash_2280/card_scanner_ws/install/card_scanner', 'merge_install': False, 'path': '/home/yash_2280/card_scanner_ws/src/card_scanner', 'symlink_install': True, 'test_result_base': None}
[0.245s] INFO:colcon.colcon_core.executor:Executing jobs using 'parallel' executor
[0.246s] DEBUG:colcon.colcon_parallel_executor.executor.parallel:run_until_complete
[0.246s] INFO:colcon.colcon_ros.task.ament_cmake.build:Building ROS package in '/home/yash_2280/card_scanner_ws/src/card_scanner' with build type 'ament_cmake'
[0.246s] INFO:colcon.colcon_cmake.task.cmake.build:Building CMake package in '/home/yash_2280/card_scanner_ws/src/card_scanner'
[0.248s] INFO:colcon.colcon_core.plugin_system:Skipping extension 'colcon_core.shell.bat': Not used on non-Windows systems
[0.248s] INFO:colcon.colcon_core.shell:Skip shell extension 'powershell' for command environment: Not usable outside of PowerShell
[0.248s] DEBUG:colcon.colcon_core.shell:Skip shell extension 'dsv' for command environment
[0.257s] DEBUG:colcon.colcon_core.event_handler.log_command:Invoking command in '/home/yash_2280/card_scanner_ws/build/card_scanner': CMAKE_PREFIX_PATH=${CMAKE_PREFIX_PATH}:/home/yash_2280/turtlebot3_ws/install/card_change_detector:/opt/ros/humble /usr/bin/cmake --build /home/yash_2280/card_scanner_ws/build/card_scanner -- -j4 -l4
[0.626s] DEBUG:colcon.colcon_core.event_handler.log_command:Invoked command in '/home/yash_2280/card_scanner_ws/build/card_scanner' returned '0': CMAKE_PREFIX_PATH=${CMAKE_PREFIX_PATH}:/home/yash_2280/turtlebot3_ws/install/card_change_detector:/opt/ros/humble /usr/bin/cmake --build /home/yash_2280/card_scanner_ws/build/card_scanner -- -j4 -l4
[0.633s] DEBUG:colcon.colcon_core.event_handler.log_command:Invoking command in '/home/yash_2280/card_scanner_ws/build/card_scanner': CMAKE_PREFIX_PATH=${CMAKE_PREFIX_PATH}:/home/yash_2280/turtlebot3_ws/install/card_change_detector:/opt/ros/humble /usr/bin/cmake --install /home/yash_2280/card_scanner_ws/build/card_scanner
[0.684s] Level 1:colcon.colcon_core.environment:create_environment_scripts_only(card_scanner)
[0.684s] DEBUG:colcon.colcon_core.event_handler.log_command:Invoked command in '/home/yash_2280/card_scanner_ws/build/card_scanner' returned '0': CMAKE_PREFIX_PATH=${CMAKE_PREFIX_PATH}:/home/yash_2280/turtlebot3_ws/install/card_change_detector:/opt/ros/humble /usr/bin/cmake --install /home/yash_2280/card_scanner_ws/build/card_scanner
[0.687s] Level 1:colcon.colcon_core.environment:checking '/home/yash_2280/card_scanner_ws/install/card_scanner' for CMake module files
[0.687s] Level 1:colcon.colcon_core.environment:checking '/home/yash_2280/card_scanner_ws/install/card_scanner' for CMake config files
[0.688s] Level 1:colcon.colcon_core.shell:create_environment_hook('card_scanner', 'cmake_prefix_path')
[0.688s] INFO:colcon.colcon_core.shell:Creating environment hook '/home/yash_2280/card_scanner_ws/install/card_scanner/share/card_scanner/hook/cmake_prefix_path.ps1'
[0.688s] INFO:colcon.colcon_core.shell:Creating environment descriptor '/home/yash_2280/card_scanner_ws/install/card_scanner/share/card_scanner/hook/cmake_prefix_path.dsv'
[0.689s] INFO:colcon.colcon_core.shell:Creating environment hook '/home/yash_2280/card_scanner_ws/install/card_scanner/share/card_scanner/hook/cmake_prefix_path.sh'
[0.689s] Level 1:colcon.colcon_core.environment:checking '/home/yash_2280/card_scanner_ws/install/card_scanner/lib'
[0.690s] Level 1:colcon.colcon_core.environment:checking '/home/yash_2280/card_scanner_ws/install/card_scanner/bin'
[0.690s] Level 1:colcon.colcon_core.environment:checking '/home/yash_2280/card_scanner_ws/install/card_scanner/lib/pkgconfig/card_scanner.pc'
[0.690s] Level 1:colcon.colcon_core.environment:checking '/home/yash_2280/card_scanner_ws/install/card_scanner/lib/python3.10/site-packages'
[0.690s] Level 1:colcon.colcon_core.environment:checking '/home/yash_2280/card_scanner_ws/install/card_scanner/bin'
[0.690s] INFO:colcon.colcon_core.shell:Creating package script '/home/yash_2280/card_scanner_ws/install/card_scanner/share/card_scanner/package.ps1'
[0.691s] INFO:colcon.colcon_core.shell:Creating package descriptor '/home/yash_2280/card_scanner_ws/install/card_scanner/share/card_scanner/package.dsv'
[0.692s] INFO:colcon.colcon_core.shell:Creating package script '/home/yash_2280/card_scanner_ws/install/card_scanner/share/card_scanner/package.sh'
[0.692s] INFO:colcon.colcon_core.shell:Creating package script '/home/yash_2280/card_scanner_ws/install/card_scanner/share/card_scanner/package.bash'
[0.693s] INFO:colcon.colcon_core.shell:Creating package script '/home/yash_2280/card_scanner_ws/install/card_scanner/share/card_scanner/package.zsh'
[0.693s] Level 1:colcon.colcon_core.environment:create_file_with_runtime_dependencies(/home/yash_2280/card_scanner_ws/install/card_scanner/share/colcon-core/packages/card_scanner)
[0.693s] Level 1:colcon.colcon_core.environment:create_environment_scripts_only(card_scanner)
[0.694s] Level 1:colcon.colcon_core.environment:checking '/home/yash_2280/card_scanner_ws/install/card_scanner' for CMake module files
[0.694s] Level 1:colcon.colcon_core.environment:checking '/home/yash_2280/card_scanner_ws/install/card_scanner' for CMake config files
[0.694s] Level 1:colcon.colcon_core.shell:create_environment_hook('card_scanner', 'cmake_prefix_path')
[0.694s] INFO:colcon.colcon_core.shell:Creating environment hook '/home/yash_2280/card_scanner_ws/install/card_scanner/share/card_scanner/hook/cmake_prefix_path.ps1'
[0.695s] INFO:colcon.colcon_core.shell:Creating environment descriptor '/home/yash_2280/card_scanner_ws/install/card_scanner/share/card_scanner/hook/cmake_prefix_path.dsv'
[0.695s] INFO:colcon.colcon_core.shell:Creating environment hook '/home/yash_2280/card_scanner_ws/install/card_scanner/share/card_scanner/hook/cmake_prefix_path.sh'
[0.695s] Level 1:colcon.colcon_core.environment:checking '/home/yash_2280/card_scanner_ws/install/card_scanner/lib'
[0.695s] Level 1:colcon.colcon_core.environment:checking '/home/yash_2280/card_scanner_ws/install/card_scanner/bin'
[0.695s] Level 1:colcon.colcon_core.environment:checking '/home/yash_2280/card_scanner_ws/install/card_scanner/lib/pkgconfig/card_scanner.pc'
[0.696s] Level 1:colcon.colcon_core.environment:checking '/home/yash_2280/card_scanner_ws/install/card_scanner/lib/python3.10/site-packages'
[0.696s] Level 1:colcon.colcon_core.environment:checking '/home/yash_2280/card_scanner_ws/install/card_scanner/bin'
[0.696s] INFO:colcon.colcon_core.shell:Creating package script '/home/yash_2280/card_scanner_ws/install/card_scanner/share/card_scanner/package.ps1'
[0.696s] INFO:colcon.colcon_core.shell:Creating package descriptor '/home/yash_2280/card_scanner_ws/install/card_scanner/share/card_scanner/package.dsv'
[0.697s] INFO:colcon.colcon_core.shell:Creating package script '/home/yash_2280/card_scanner_ws/install/card_scanner/share/card_scanner/package.sh'
[0.697s] INFO:colcon.colcon_core.shell:Creating package script '/home/yash_2280/card_scanner_ws/install/card_scanner/share/card_scanner/package.bash'
[0.698s] INFO:colcon.colcon_core.shell:Creating package script '/home/yash_2280/card_scanner_ws/install/card_scanner/share/card_scanner/package.zsh'
[0.698s] Level 1:colcon.colcon_core.environment:create_file_with_runtime_dependencies(/home/yash_2280/card_scanner_ws/install/card_scanner/share/colcon-core/packages/card_scanner)
[0.699s] DEBUG:colcon.colcon_parallel_executor.executor.parallel:closing loop
[0.699s] DEBUG:colcon.colcon_parallel_executor.executor.parallel:loop closed
[0.699s] DEBUG:colcon.colcon_parallel_executor.executor.parallel:run_until_complete finished with '0'
[0.699s] DEBUG:colcon.colcon_core.event_reactor:joining thread
[0.710s] INFO:colcon.colcon_core.plugin_system:Skipping extension 'colcon_notification.desktop_notification.terminal_notifier': Not used on non-Darwin systems
[0.710s] INFO:colcon.colcon_core.plugin_system:Skipping extension 'colcon_notification.desktop_notification.win32': Not used on non-Windows systems
[0.710s] INFO:colcon.colcon_notification.desktop_notification:Sending desktop notification using 'notify2'
[0.726s] DEBUG:colcon.colcon_core.event_reactor:joined thread
[0.727s] INFO:colcon.colcon_core.shell:Creating prefix script '/home/yash_2280/card_scanner_ws/install/local_setup.ps1'
[0.728s] INFO:colcon.colcon_core.shell:Creating prefix util module '/home/yash_2280/card_scanner_ws/install/_local_setup_util_ps1.py'
[0.729s] INFO:colcon.colcon_core.shell:Creating prefix chain script '/home/yash_2280/card_scanner_ws/install/setup.ps1'
[0.730s] INFO:colcon.colcon_core.shell:Creating prefix script '/home/yash_2280/card_scanner_ws/install/local_setup.sh'
[0.730s] INFO:colcon.colcon_core.shell:Creating prefix util module '/home/yash_2280/card_scanner_ws/install/_local_setup_util_sh.py'
[0.731s] INFO:colcon.colcon_core.shell:Creating prefix chain script '/home/yash_2280/card_scanner_ws/install/setup.sh'
[0.732s] INFO:colcon.colcon_core.shell:Creating prefix script '/home/yash_2280/card_scanner_ws/install/local_setup.bash'
[0.732s] INFO:colcon.colcon_core.shell:Creating prefix chain script '/home/yash_2280/card_scanner_ws/install/setup.bash'
[0.733s] INFO:colcon.colcon_core.shell:Creating prefix script '/home/yash_2280/card_scanner_ws/install/local_setup.zsh'
[0.733s] INFO:colcon.colcon_core.shell:Creating prefix chain script '/home/yash_2280/card_scanner_ws/install/setup.zsh'
