-- Install configuration: ""
-- Execute custom install script
-- Up-to-date symlink: /home/yash_2280/card_scanner_ws/install/card_scanner/share/card_scanner/card_scanner/__init__.py
-- Up-to-date symlink: /home/yash_2280/card_scanner_ws/install/card_scanner/share/card_scanner/card_scanner/card_scanner_node.py
-- Up-to-date symlink: /home/yash_2280/card_scanner_ws/install/card_scanner/share/card_scanner/launch/card_scanner.launch.py
-- Up-to-date symlink: /home/yash_2280/card_scanner_ws/install/card_scanner/share/card_scanner/config/params.yaml
-- Up-to-date symlink: /home/yash_2280/card_scanner_ws/install/card_scanner/lib/card_scanner/card_scanner_node.py
-- Up-to-date symlink: /home/yash_2280/card_scanner_ws/install/card_scanner/share/ament_index/resource_index/package_run_dependencies/card_scanner
-- Up-to-date symlink: /home/yash_2280/card_scanner_ws/install/card_scanner/share/ament_index/resource_index/parent_prefix_path/card_scanner
-- Up-to-date symlink: /home/yash_2280/card_scanner_ws/install/card_scanner/share/card_scanner/environment/ament_prefix_path.sh
-- Up-to-date symlink: /home/yash_2280/card_scanner_ws/install/card_scanner/share/card_scanner/environment/ament_prefix_path.dsv
-- Up-to-date symlink: /home/yash_2280/card_scanner_ws/install/card_scanner/share/card_scanner/environment/path.sh
-- Up-to-date symlink: /home/yash_2280/card_scanner_ws/install/card_scanner/share/card_scanner/environment/path.dsv
-- Up-to-date symlink: /home/yash_2280/card_scanner_ws/install/card_scanner/share/card_scanner/local_setup.bash
-- Up-to-date symlink: /home/yash_2280/card_scanner_ws/install/card_scanner/share/card_scanner/local_setup.sh
-- Up-to-date symlink: /home/yash_2280/card_scanner_ws/install/card_scanner/share/card_scanner/local_setup.zsh
-- Up-to-date symlink: /home/yash_2280/card_scanner_ws/install/card_scanner/share/card_scanner/local_setup.dsv
-- Symlinking: /home/yash_2280/card_scanner_ws/install/card_scanner/share/card_scanner/package.dsv
-- Up-to-date symlink: /home/yash_2280/card_scanner_ws/install/card_scanner/share/ament_index/resource_index/packages/card_scanner
-- Up-to-date symlink: /home/yash_2280/card_scanner_ws/install/card_scanner/share/card_scanner/cmake/card_scannerConfig.cmake
-- Up-to-date symlink: /home/yash_2280/card_scanner_ws/install/card_scanner/share/card_scanner/cmake/card_scannerConfig-version.cmake
-- Up-to-date symlink: /home/yash_2280/card_scanner_ws/install/card_scanner/share/card_scanner/package.xml
