-- Found ament_cmake: 1.3.14 (/opt/ros/humble/share/ament_cmake/cmake)
-- Override CMake install command with custom implementation using symlinks instead of copying resources
-- Configuring done
-- Generating done
-- Build files have been written to: /home/yash_2280/card_scanner_ws/build/card_scanner
Built target ament_cmake_python_symlink_card_scanner
running egg_info
creating card_scanner.egg-info
writing card_scanner.egg-info/PKG-INFO
writing dependency_links to card_scanner.egg-info/dependency_links.txt
writing top-level names to card_scanner.egg-info/top_level.txt
writing manifest file 'card_scanner.egg-info/SOURCES.txt'
reading manifest file 'card_scanner.egg-info/SOURCES.txt'
writing manifest file 'card_scanner.egg-info/SOURCES.txt'
Built target ament_cmake_python_build_card_scanner_egg
-- Install configuration: ""
-- Execute custom install script
-- Symlinking: /home/yash_2280/card_scanner_ws/install/card_scanner/share/card_scanner/environment/pythonpath.sh
-- Symlinking: /home/yash_2280/card_scanner_ws/install/card_scanner/share/card_scanner/environment/pythonpath.dsv
-- Symlinking: /home/yash_2280/card_scanner_ws/install/card_scanner/local/lib/python3.10/dist-packages/card_scanner-1.0.0-py3.10.egg-info/PKG-INFO
-- Symlinking: /home/yash_2280/card_scanner_ws/install/card_scanner/local/lib/python3.10/dist-packages/card_scanner-1.0.0-py3.10.egg-info/SOURCES.txt
-- Symlinking: /home/yash_2280/card_scanner_ws/install/card_scanner/local/lib/python3.10/dist-packages/card_scanner-1.0.0-py3.10.egg-info/dependency_links.txt
-- Symlinking: /home/yash_2280/card_scanner_ws/install/card_scanner/local/lib/python3.10/dist-packages/card_scanner-1.0.0-py3.10.egg-info/top_level.txt
-- Symlinking: /home/yash_2280/card_scanner_ws/install/card_scanner/local/lib/python3.10/dist-packages/card_scanner/__init__.py
-- Symlinking: /home/yash_2280/card_scanner_ws/install/card_scanner/local/lib/python3.10/dist-packages/card_scanner/card_scanner_node.py
-- Up-to-date symlink: /home/yash_2280/card_scanner_ws/install/card_scanner/lib/card_scanner/card_scanner_node.py
-- Up-to-date symlink: /home/yash_2280/card_scanner_ws/install/card_scanner/share/card_scanner/launch/card_scanner.launch.py
-- Up-to-date symlink: /home/yash_2280/card_scanner_ws/install/card_scanner/share/card_scanner/config/params.yaml
-- Up-to-date symlink: /home/yash_2280/card_scanner_ws/install/card_scanner/share/ament_index/resource_index/package_run_dependencies/card_scanner
-- Up-to-date symlink: /home/yash_2280/card_scanner_ws/install/card_scanner/share/ament_index/resource_index/parent_prefix_path/card_scanner
-- Up-to-date symlink: /home/yash_2280/card_scanner_ws/install/card_scanner/share/card_scanner/environment/ament_prefix_path.sh
-- Up-to-date symlink: /home/yash_2280/card_scanner_ws/install/card_scanner/share/card_scanner/environment/ament_prefix_path.dsv
-- Up-to-date symlink: /home/yash_2280/card_scanner_ws/install/card_scanner/share/card_scanner/environment/path.sh
-- Up-to-date symlink: /home/yash_2280/card_scanner_ws/install/card_scanner/share/card_scanner/environment/path.dsv
-- Up-to-date symlink: /home/yash_2280/card_scanner_ws/install/card_scanner/share/card_scanner/local_setup.bash
-- Up-to-date symlink: /home/yash_2280/card_scanner_ws/install/card_scanner/share/card_scanner/local_setup.sh
-- Up-to-date symlink: /home/yash_2280/card_scanner_ws/install/card_scanner/share/card_scanner/local_setup.zsh
-- Up-to-date symlink: /home/yash_2280/card_scanner_ws/install/card_scanner/share/card_scanner/local_setup.dsv
-- Symlinking: /home/yash_2280/card_scanner_ws/install/card_scanner/share/card_scanner/package.dsv
-- Up-to-date symlink: /home/yash_2280/card_scanner_ws/install/card_scanner/share/ament_index/resource_index/packages/card_scanner
-- Up-to-date symlink: /home/yash_2280/card_scanner_ws/install/card_scanner/share/card_scanner/cmake/card_scannerConfig.cmake
-- Up-to-date symlink: /home/yash_2280/card_scanner_ws/install/card_scanner/share/card_scanner/cmake/card_scannerConfig-version.cmake
-- Up-to-date symlink: /home/yash_2280/card_scanner_ws/install/card_scanner/share/card_scanner/package.xml
Listing '/home/yash_2280/card_scanner_ws/install/card_scanner/local/lib/python3.10/dist-packages/card_scanner'...
Compiling '/home/yash_2280/card_scanner_ws/install/card_scanner/local/lib/python3.10/dist-packages/card_scanner/__init__.py'...
Compiling '/home/yash_2280/card_scanner_ws/install/card_scanner/local/lib/python3.10/dist-packages/card_scanner/card_scanner_node.py'...
